<?xml version="1.0" encoding="utf-8"?><testsuites name="pytest tests"><testsuite name="pytest" errors="0" failures="0" skipped="0" tests="13" time="57.775" timestamp="2026-08-01T07:48:19.412083+00:00" hostname="agent-env-1d9adc0f-10a3-4267-8f7d-5ba681c23b9e"><testcase classname="tests.test_ourspace_api" name="test_health_root" time="0.213" /><testcase classname="tests.test_ourspace_api" name="test_admin_login_and_change_pw" time="4.344" /><testcase classname="tests.test_ourspace_api" name="test_login_invalid" time="1.205" /><testcase classname="tests.test_ourspace_api" name="test_create_space_returns_credentials" time="2.497" /><testcase classname="tests.test_ourspace_api" name="test_list_spaces_shows_created" time="1.890" /><testcase classname="tests.test_ourspace_api" name="test_member_cannot_access_admin_endpoint" time="6.524" /><testcase classname="tests.test_ourspace_api" name="test_admin_cannot_access_member_endpoints" time="2.996" /><testcase classname="tests.test_ourspace_api" name="test_list_members_and_nicknames" time="8.434" /><testcase classname="tests.test_ourspace_api" name="test_media_crud_scoped" time="5.549" /><testcase classname="tests.test_ourspace_api" name="test_media_isolation_across_spaces" time="9.621" /><testcase classname="tests.test_ourspace_api" name="test_chat_scoped" time="5.091" /><testcase classname="tests.test_ourspace_api" name="test_ai_generate_smoke" time="1.478" /><testcase classname="tests.test_ourspace_api" name="test_delete_spaces_cascade" time="7.620" /></testsuite></testsuites>