<?xml version="1.0" encoding="utf-8"?><testsuites name="pytest tests"><testsuite name="pytest" errors="0" failures="0" skipped="1" tests="23" time="6.901" timestamp="2026-08-01T07:16:58.742604+00:00" hostname="agent-env-1d9adc0f-10a3-4267-8f7d-5ba681c23b9e"><testcase classname="tests.test_duovault_api.TestHealth" name="test_root" time="0.094" /><testcase classname="tests.test_duovault_api.TestAuth" name="test_login_user1_success" time="0.331" /><testcase classname="tests.test_duovault_api.TestAuth" name="test_login_bad_password" time="0.313" /><testcase classname="tests.test_duovault_api.TestAuth" name="test_login_unknown_user" time="0.102" /><testcase classname="tests.test_duovault_api.TestAuth" name="test_me_requires_auth" time="0.091" /><testcase classname="tests.test_duovault_api.TestAuth" name="test_me_returns_user_without_password" time="0.414" /><testcase classname="tests.test_duovault_api.TestChangePassword" name="test_wrong_old_password_rejected" time="0.315" /><testcase classname="tests.test_duovault_api.TestChangePassword" name="test_short_password_rejected" time="0.313" /><testcase classname="tests.test_duovault_api.TestChangePassword" name="test_change_password_flow" time="1.388" /><testcase classname="tests.test_duovault_api.TestProfile" name="test_update_and_verify" time="0.295" /><testcase classname="tests.test_duovault_api.TestProfile" name="test_list_users" time="0.089" /><testcase classname="tests.test_duovault_api.TestCloudinary" name="test_signature_requires_auth" time="0.090" /><testcase classname="tests.test_duovault_api.TestCloudinary" name="test_signature_returns_fields" time="0.091" /><testcase classname="tests.test_duovault_api.TestMedia" name="test_media_requires_auth" time="0.089" /><testcase classname="tests.test_duovault_api.TestMedia" name="test_create_list_delete_media" time="0.630" /><testcase classname="tests.test_duovault_api.TestMedia" name="test_delete_nonexistent" time="0.093" /><testcase classname="tests.test_duovault_api.TestMedia" name="test_delete_many" time="0.499" /><testcase classname="tests.test_duovault_api.TestMedia" name="test_shared_gallery_between_users" time="0.647" /><testcase classname="tests.test_duovault_api.TestChat" name="test_chat_requires_auth" time="0.095" /><testcase classname="tests.test_duovault_api.TestChat" name="test_send_and_list_asc" time="0.331" /><testcase classname="tests.test_duovault_api.TestAI" name="test_ai_requires_auth" time="0.090" /><testcase classname="tests.test_duovault_api.TestAI" name="test_ai_empty_prompt_rejected" time="0.154" /><testcase classname="tests.test_duovault_api.TestAI" name="test_ai_generate_smoke" time="0.317"><skipped type="pytest.skip" message="Gemini AI unavailable/quota (expected in some envs): 500 {&quot;detail&quot;:&quot;AI generation failed: 404 NOT_FOUND. {'error': {'code': 404, 'message': 'models/gemini-2.5-flash-image-preview is not found for API version v1beta, or is not supported for generateContent.">/app/backend/tests/test_duovault_api.py:269: Gemini AI unavailable/quota (expected in some envs): 500 {"detail":"AI generation failed: 404 NOT_FOUND. {'error': {'code': 404, 'message': 'models/gemini-2.5-flash-image-preview is not found for API version v1beta, or is not supported for generateContent.</skipped></testcase></testsuite></testsuites>